<?xml version="1.0" encoding="UTF-8"?>
<coverage generated="1623915728570" clover="3.2.0">
  <project timestamp="1623915728570" name="All files">
    <metrics statements="22" coveredstatements="11" conditionals="4" coveredconditionals="1" methods="4" coveredmethods="1" elements="30" coveredelements="13" complexity="0" loc="22" ncloc="22" packages="1" files="2" classes="2"/>
    <file name="formatDate.js" path="/Users/rossmacdonald/Projects/cs-code-challenge/exercise-1/app/lib/formatDate.js">
      <metrics statements="11" coveredstatements="10" conditionals="2" coveredconditionals="1" methods="1" coveredmethods="1"/>
      <line num="1" count="1" type="stmt"/>
      <line num="2" count="1" type="stmt"/>
      <line num="3" count="1" type="stmt"/>
      <line num="4" count="1" type="stmt"/>
      <line num="5" count="1" type="stmt"/>
      <line num="6" count="1" type="stmt"/>
      <line num="7" count="1" type="cond" truecount="1" falsecount="1"/>
      <line num="8" count="1" type="stmt"/>
      <line num="10" count="0" type="stmt"/>
      <line num="12" count="1" type="stmt"/>
      <line num="14" count="1" type="stmt"/>
    </file>
    <file name="toggle.js" path="/Users/rossmacdonald/Projects/cs-code-challenge/exercise-1/app/lib/toggle.js">
      <metrics statements="11" coveredstatements="1" conditionals="2" coveredconditionals="0" methods="3" coveredmethods="0"/>
      <line num="1" count="1" type="stmt"/>
      <line num="3" count="0" type="stmt"/>
      <line num="4" count="0" type="stmt"/>
      <line num="5" count="0" type="cond" truecount="0" falsecount="2"/>
      <line num="7" count="0" type="stmt"/>
      <line num="8" count="0" type="stmt"/>
      <line num="11" count="0" type="stmt"/>
      <line num="13" count="0" type="stmt"/>
      <line num="16" count="0" type="stmt"/>
      <line num="17" count="0" type="stmt"/>
      <line num="18" count="0" type="stmt"/>
    </file>
  </project>
</coverage>
